#
# A fatal error has been detected by the Java Runtime Environment:
#
#  SIGSEGV (0xb) at pc=0x00000001082f9af8, pid=48382, tid=4867
#
# JRE version: Java(TM) SE Runtime Environment (8.0_25-b17) (build 1.8.0_25-b17)
# Java VM: Java HotSpot(TM) 64-Bit Server VM (25.25-b02 mixed mode bsd-amd64 compressed oops)
# Problematic frame:
# V  [libjvm.dylib+0x2f9af8]  jni_GetObjectClass+0x65
#
# Failed to write core dump. Core dumps have been disabled. To enable core dumping, try "ulimit -c unlimited" before starting Java again
#
# If you would like to submit a bug report, please visit:
#   http://bugreport.sun.com/bugreport/crash.jsp
#

---------------  T H R E A D  ---------------

Current thread (0x00007ffa55800000):  JavaThread "main" [_thread_in_vm, id=4867, stack(0x0000000106e28000,0x0000000106f28000)]

siginfo: si_signo: 11 (SIGSEGV), si_code: 1 (SEGV_MAPERR), si_addr: 0x0000000000000000

Registers:
RAX=0x0000000108894564, RBX=0x0000000000000000, RCX=0x00000001087d6c80, RDX=0x0000000000000000
RSP=0x0000000106f27590, RBP=0x0000000106f275e0, RSI=0x0000000000000000, RDI=0x00007ffa558001e8
R8 =0x0000000000000001, R9 =0x00000000fc000000, R10=0x0000000000000000, R11=0x000000010889dcb8
R12=0x0000000000000000, R13=0x00007ffa53718980, R14=0x00007ffa558001e8, R15=0x00007ffa55800000
RIP=0x00000001082f9af8, EFLAGS=0x0000000000010202, ERR=0x0000000000000004
  TRAPNO=0x000000000000000e

Top of Stack: (sp=0x0000000106f27590)
0x0000000106f27590:   0000000000000002 00007ffa55800000
0x0000000106f275a0:   0000000000000000 0000000106f277e0
0x0000000106f275b0:   0000000106f27630 00007ffa55800000
0x0000000106f275c0:   00007ffa55800000 0000000000000000
0x0000000106f275d0:   00007ffa558001e8 0000000106f27660
0x0000000106f275e0:   0000000106f27630 0000000126b3cddd
0x0000000106f275f0:   0000000000000000 0000000000000000
0x0000000106f27600:   0000000000000000 00007ffa558001e8
0x0000000106f27610:   0000000000000000 00007ffa53718980
0x0000000106f27620:   0000000000000000 0000000000000010
0x0000000106f27630:   0000000106f276a0 0000000126b43e7f
0x0000000106f27640:   0000000106d2c000 0000000106f276d8
0x0000000106f27650:   0000000106f277e0 0000000106f276e8
0x0000000106f27660:   0000000106d5c000 0000000000000010
0x0000000106f27670:   0000000106f277e0 0000000106f277d8
0x0000000106f27680:   00007ffa558001e8 0000000126c57620
0x0000000106f27690:   00007ffa537176e0 0000000106f277e8
0x0000000106f276a0:   0000000106f27730 0000000126b40293
0x0000000106f276b0:   0000000106f27720 00000001082cd349
0x0000000106f276c0:   0000000122450668 0000000000000001
0x0000000106f276d0:   00007ffa55800000 0000000000000001
0x0000000106f276e0:   0000000000000000 00007ffa53718980
0x0000000106f276f0:   0000000000000001 0000000000000000
0x0000000106f27700:   0000000000000000 0000000122450668
0x0000000106f27710:   0000000000000000 0000000122450660
0x0000000106f27720:   0000000106f27800 00007ffa55800000
0x0000000106f27730:   0000000106f277b8 0000000108f31694
0x0000000106f27740:   00007ffa55800000 00007ffa55800000
0x0000000106f27750:   0000000122450668 0000000106f27800
0x0000000106f27760:   0000000106f277b8 0000000108f31427
0x0000000106f27770:   0000000108f313e2 0000000106f27778
0x0000000106f27780:   0000000122450660 0000000106f27800 

Instructions: (pc=0x00000001082f9af8)
0x00000001082f9ad8:   74 09 48 8d 7d b8 e8 d1 02 19 00 4c 89 f7 48 89
0x00000001082f9ae8:   de 90 0f 1f 40 00 48 8d 05 6f aa 59 00 80 38 00
0x00000001082f9af8:   48 8b 03 74 15 48 8d 15 cc 82 4f 00 8a 4a 08 8b
0x00000001082f9b08:   40 08 48 d3 e0 48 03 02 eb 04 48 8b 40 08 48 8b 

Register to memory mapping:

RAX=0x0000000108894564: UseCompressedClassPointers+0 in /Library/Java/JavaVirtualMachines/jdk1.8.0_25.jdk/Contents/Home/jre/lib/server/libjvm.dylib at 0x0000000108000000
RBX=0x0000000000000000 is an unknown value
RCX=0x00000001087d6c80: UseMembar+0 in /Library/Java/JavaVirtualMachines/jdk1.8.0_25.jdk/Contents/Home/jre/lib/server/libjvm.dylib at 0x0000000108000000
RDX=0x0000000000000000 is an unknown value
RSP=0x0000000106f27590 is pointing into the stack for thread: 0x00007ffa55800000
RBP=0x0000000106f275e0 is pointing into the stack for thread: 0x00007ffa55800000
RSI=0x0000000000000000 is an unknown value
RDI=0x00007ffa558001e8 is an unknown value
R8 =0x0000000000000001 is an unknown value
R9 =0x00000000fc000000 is an unknown value
R10=0x0000000000000000 is an unknown value
R11=0x000000010889dcb8: _ZN20SafepointSynchronize18_safepoint_counterE+0 in /Library/Java/JavaVirtualMachines/jdk1.8.0_25.jdk/Contents/Home/jre/lib/server/libjvm.dylib at 0x0000000108000000
R12=0x0000000000000000 is an unknown value
R13=0x00007ffa53718980 is an unknown value
R14=0x00007ffa558001e8 is an unknown value
R15=0x00007ffa55800000 is a thread


Stack: [0x0000000106e28000,0x0000000106f28000],  sp=0x0000000106f27590,  free space=1021k
Native frames: (J=compiled Java code, j=interpreted, Vv=VM code, C=native code)
V  [libjvm.dylib+0x2f9af8]  jni_GetObjectClass+0x65
C  [libj2pkcs11.dylib+0x2ddd]  jAttributeToCKAttribute+0x39
C  [libj2pkcs11.dylib+0x9e7f]  jAttributeArrayToCKAttributeArray+0xbd
C  [libj2pkcs11.dylib+0x6293]  Java_sun_security_pkcs11_wrapper_PKCS11_C_1GenerateKeyPair+0xab
j  sun.security.pkcs11.wrapper.PKCS11.C_GenerateKeyPair(JLsun/security/pkcs11/wrapper/CK_MECHANISM;[Lsun/security/pkcs11/wrapper/CK_ATTRIBUTE;[Lsun/security/pkcs11/wrapper/CK_ATTRIBUTE;)[J+0
j  sun.security.pkcs11.wrapper.PKCS11$SynchronizedPKCS11.C_GenerateKeyPair(JLsun/security/pkcs11/wrapper/CK_MECHANISM;[Lsun/security/pkcs11/wrapper/CK_ATTRIBUTE;[Lsun/security/pkcs11/wrapper/CK_ATTRIBUTE;)[J+7
j  com.goyoung.crypto.demo.pkcs11.SoftHSMv2.SoftHSMv2_PKCS11_Session_Demo.main([Ljava/lang/String;)V+133
v  ~StubRoutines::call_stub
V  [libjvm.dylib+0x2d4516]  JavaCalls::call_helper(JavaValue*, methodHandle*, JavaCallArguments*, Thread*)+0x6ae
V  [libjvm.dylib+0x30958b]  jni_invoke_static(JNIEnv_*, JavaValue*, _jobject*, JNICallType, _jmethodID*, JNI_ArgumentPusher*, Thread*)+0x1bf
V  [libjvm.dylib+0x302785]  jni_CallStaticVoidMethod+0x15d
C  [java+0x2c82]  JavaMain+0x998
C  [libsystem_pthread.dylib+0x3268]  _pthread_body+0x83
C  [libsystem_pthread.dylib+0x31e5]  _pthread_body+0x0
C  [libsystem_pthread.dylib+0x141d]  thread_start+0xd
C  0x0000000000000000

Java frames: (J=compiled Java code, j=interpreted, Vv=VM code)
j  sun.security.pkcs11.wrapper.PKCS11.C_GenerateKeyPair(JLsun/security/pkcs11/wrapper/CK_MECHANISM;[Lsun/security/pkcs11/wrapper/CK_ATTRIBUTE;[Lsun/security/pkcs11/wrapper/CK_ATTRIBUTE;)[J+0
j  sun.security.pkcs11.wrapper.PKCS11$SynchronizedPKCS11.C_GenerateKeyPair(JLsun/security/pkcs11/wrapper/CK_MECHANISM;[Lsun/security/pkcs11/wrapper/CK_ATTRIBUTE;[Lsun/security/pkcs11/wrapper/CK_ATTRIBUTE;)[J+7
j  com.goyoung.crypto.demo.pkcs11.SoftHSMv2.SoftHSMv2_PKCS11_Session_Demo.main([Ljava/lang/String;)V+133
v  ~StubRoutines::call_stub

---------------  P R O C E S S  ---------------

Java Threads: ( => current thread )
  0x00007ffa5585c000 JavaThread "Service Thread" daemon [_thread_blocked, id=20739, stack(0x00000001268a5000,0x00000001269a5000)]
  0x00007ffa55859800 JavaThread "C1 CompilerThread3" daemon [_thread_blocked, id=20227, stack(0x00000001267a2000,0x00000001268a2000)]
  0x00007ffa55858800 JavaThread "C2 CompilerThread2" daemon [_thread_blocked, id=19715, stack(0x000000012669f000,0x000000012679f000)]
  0x00007ffa55858000 JavaThread "C2 CompilerThread1" daemon [_thread_blocked, id=19203, stack(0x000000012659c000,0x000000012669c000)]
  0x00007ffa53822800 JavaThread "C2 CompilerThread0" daemon [_thread_blocked, id=18691, stack(0x0000000126499000,0x0000000126599000)]
  0x00007ffa53821800 JavaThread "Signal Dispatcher" daemon [_thread_blocked, id=15383, stack(0x0000000126396000,0x0000000126496000)]
  0x00007ffa5401d000 JavaThread "Finalizer" daemon [_thread_blocked, id=13571, stack(0x0000000124975000,0x0000000124a75000)]
  0x00007ffa5401c000 JavaThread "Reference Handler" daemon [_thread_blocked, id=13059, stack(0x0000000124872000,0x0000000124972000)]
=>0x00007ffa55800000 JavaThread "main" [_thread_in_vm, id=4867, stack(0x0000000106e28000,0x0000000106f28000)]

Other Threads:
  0x00007ffa53817000 VMThread [stack: 0x000000012476f000,0x000000012486f000] [id=12547]
  0x00007ffa5583a800 WatcherThread [stack: 0x00000001269a8000,0x0000000126aa8000] [id=21251]

VM state:not at safepoint (normal execution)

VM Mutex/Monitor currently owned by a thread: None

Heap:
 PSYoungGen      total 76288K, used 5245K [0x000000076ab00000, 0x0000000770000000, 0x00000007c0000000)
  eden space 65536K, 8% used [0x000000076ab00000,0x000000076b01f460,0x000000076eb00000)
  from space 10752K, 0% used [0x000000076f580000,0x000000076f580000,0x0000000770000000)
  to   space 10752K, 0% used [0x000000076eb00000,0x000000076eb00000,0x000000076f580000)
 ParOldGen       total 175104K, used 0K [0x00000006c0000000, 0x00000006cab00000, 0x000000076ab00000)
  object space 175104K, 0% used [0x00000006c0000000,0x00000006c0000000,0x00000006cab00000)
 Metaspace       used 4304K, capacity 4678K, committed 4864K, reserved 1056768K
  class space    used 455K, capacity 498K, committed 512K, reserved 1048576K

Card table byte_map: [0x00000001182dc000,0x0000000118add000] byte_map_base: 0x0000000114cdc000

Marking Bits: (ParMarkBitMap*) 0x000000010889d390
 Begin Bits: [0x000000011984b000, 0x000000011d84b000)
 End Bits:   [0x000000011d84b000, 0x000000012184b000)

Polling page: 0x0000000106f6c000

CodeCache: size=245760Kb used=1437Kb max_used=1450Kb free=244322Kb
 bounds [0x0000000108f1c000, 0x000000010918c000, 0x0000000117f1c000]
 total_blobs=453 nmethods=175 adapters=193
 compilation: enabled

Compilation events (10 events):
Event: 0.148 Thread 0x00007ffa55859800 nmethod 168 0x0000000109081d90 code [0x0000000109081f00, 0x00000001090820e8]
Event: 0.149 Thread 0x00007ffa55859800  169       1       java.net.URL::getFile (5 bytes)
Event: 0.149 Thread 0x00007ffa55859800 nmethod 169 0x00000001090818d0 code [0x0000000109081a20, 0x0000000109081b30]
Event: 0.150 Thread 0x00007ffa55859800  170       3       java.util.AbstractList::<init> (10 bytes)
Event: 0.150 Thread 0x00007ffa55859800 nmethod 170 0x0000000109081450 code [0x00000001090815c0, 0x00000001090817d0]
Event: 0.150 Thread 0x00007ffa55859800  171       1       java.net.URL::getHost (5 bytes)
Event: 0.150 Thread 0x00007ffa55859800 nmethod 171 0x0000000109081190 code [0x00000001090812e0, 0x00000001090813f0]
Event: 0.151 Thread 0x00007ffa55859800  172       3       java.util.concurrent.ConcurrentHashMap::tabAt (21 bytes)
Event: 0.151 Thread 0x00007ffa55859800 nmethod 172 0x0000000109080650 code [0x00000001090807c0, 0x00000001090809f0]
Event: 0.151 Thread 0x00007ffa55859800  174       3       java.util.ArrayList::get (11 bytes)

GC Heap History (0 events):
No events

Deoptimization events (0 events):
No events

Internal exceptions (10 events):
Event: 0.081 Thread 0x00007ffa55800000 Exception <a 'java/util/zip/ZipException'> (0x000000076abd0378) thrown at [/HUDSON3/workspace/8-2-build-macosx-x86_64/jdk8u25/1514/hotspot/src/share/vm/prims/jni.cpp, line 716]
Event: 0.081 Thread 0x00007ffa55800000 Exception <a 'java/security/PrivilegedActionException'> (0x000000076abd0528) thrown at [/HUDSON3/workspace/8-2-build-macosx-x86_64/jdk8u25/1514/hotspot/src/share/vm/prims/jvm.cpp, line 1312]
Event: 0.081 Thread 0x00007ffa55800000 Exception <a 'java/security/PrivilegedActionException'> (0x000000076abd06e0) thrown at [/HUDSON3/workspace/8-2-build-macosx-x86_64/jdk8u25/1514/hotspot/src/share/vm/prims/jvm.cpp, line 1312]
Event: 0.082 Thread 0x00007ffa55800000 Exception <a 'java/util/zip/ZipException'> (0x000000076abd1408) thrown at [/HUDSON3/workspace/8-2-build-macosx-x86_64/jdk8u25/1514/hotspot/src/share/vm/prims/jni.cpp, line 716]
Event: 0.082 Thread 0x00007ffa55800000 Exception <a 'java/security/PrivilegedActionException'> (0x000000076abd15b8) thrown at [/HUDSON3/workspace/8-2-build-macosx-x86_64/jdk8u25/1514/hotspot/src/share/vm/prims/jvm.cpp, line 1312]
Event: 0.082 Thread 0x00007ffa55800000 Exception <a 'java/security/PrivilegedActionException'> (0x000000076abd1770) thrown at [/HUDSON3/workspace/8-2-build-macosx-x86_64/jdk8u25/1514/hotspot/src/share/vm/prims/jvm.cpp, line 1312]
Event: 0.083 Thread 0x00007ffa55800000 Exception <a 'java/util/zip/ZipException'> (0x000000076abe3680) thrown at [/HUDSON3/workspace/8-2-build-macosx-x86_64/jdk8u25/1514/hotspot/src/share/vm/prims/jni.cpp, line 716]
Event: 0.083 Thread 0x00007ffa55800000 Exception <a 'java/security/PrivilegedActionException'> (0x000000076abe3830) thrown at [/HUDSON3/workspace/8-2-build-macosx-x86_64/jdk8u25/1514/hotspot/src/share/vm/prims/jvm.cpp, line 1312]
Event: 0.083 Thread 0x00007ffa55800000 Exception <a 'java/security/PrivilegedActionException'> (0x000000076abe39e8) thrown at [/HUDSON3/workspace/8-2-build-macosx-x86_64/jdk8u25/1514/hotspot/src/share/vm/prims/jvm.cpp, line 1312]
Event: 0.083 Thread 0x00007ffa55800000 Exception <a 'java/security/PrivilegedActionException'> (0x000000076abe3d58) thrown at [/HUDSON3/workspace/8-2-build-macosx-x86_64/jdk8u25/1514/hotspot/src/share/vm/prims/jvm.cpp, line 1312]

Events (10 events):
Event: 0.142 loading class sun/security/pkcs11/wrapper/CK_MECHANISM
Event: 0.142 loading class sun/security/pkcs11/wrapper/CK_MECHANISM done
Event: 0.148 loading class sun/security/pkcs11/wrapper/CK_INFO
Event: 0.148 loading class sun/security/pkcs11/wrapper/CK_INFO done
Event: 0.149 loading class sun/security/pkcs11/wrapper/CK_VERSION
Event: 0.149 loading class sun/security/pkcs11/wrapper/CK_VERSION done
Event: 0.150 loading class sun/security/pkcs11/wrapper/CK_TOKEN_INFO
Event: 0.150 loading class sun/security/pkcs11/wrapper/CK_TOKEN_INFO done
Event: 0.151 loading class sun/security/pkcs11/wrapper/CK_ATTRIBUTE
Event: 0.151 loading class sun/security/pkcs11/wrapper/CK_ATTRIBUTE done


Dynamic libraries:
0x0000000004978000 	/System/Library/Frameworks/Cocoa.framework/Versions/A/Cocoa
0x0000000004978000 	/System/Library/Frameworks/Security.framework/Versions/A/Security
0x0000000004978000 	/System/Library/Frameworks/ApplicationServices.framework/Versions/A/ApplicationServices
0x0000000004978000 	/usr/lib/libz.1.dylib
0x0000000004978000 	/usr/lib/libSystem.B.dylib
0x0000000004978000 	/usr/lib/libobjc.A.dylib
0x0000000004978000 	/System/Library/Frameworks/CoreFoundation.framework/Versions/A/CoreFoundation
0x0000000004978000 	/System/Library/Frameworks/Foundation.framework/Versions/C/Foundation
0x0000000004978000 	/System/Library/Frameworks/AppKit.framework/Versions/C/AppKit
0x0000000004978000 	/System/Library/Frameworks/CoreData.framework/Versions/A/CoreData
0x0000000004978000 	/System/Library/PrivateFrameworks/RemoteViewServices.framework/Versions/A/RemoteViewServices
0x0000000004978000 	/System/Library/PrivateFrameworks/UIFoundation.framework/Versions/A/UIFoundation
0x0000000004978000 	/System/Library/Frameworks/IOSurface.framework/Versions/A/IOSurface
0x0000000004978000 	/System/Library/Frameworks/AudioToolbox.framework/Versions/A/AudioToolbox
0x0000000004978000 	/System/Library/Frameworks/AudioUnit.framework/Versions/A/AudioUnit
0x0000000004978000 	/System/Library/PrivateFrameworks/DataDetectorsCore.framework/Versions/A/DataDetectorsCore
0x0000000004978000 	/System/Library/PrivateFrameworks/DesktopServicesPriv.framework/Versions/A/DesktopServicesPriv
0x0000000004978000 	/System/Library/Frameworks/Carbon.framework/Versions/A/Frameworks/HIToolbox.framework/Versions/A/HIToolbox
0x0000000004978000 	/System/Library/Frameworks/QuartzCore.framework/Versions/A/QuartzCore
0x0000000004978000 	/System/Library/Frameworks/Carbon.framework/Versions/A/Frameworks/SpeechRecognition.framework/Versions/A/SpeechRecognition
0x0000000004978000 	/usr/lib/libauto.dylib
0x0000000004978000 	/usr/lib/libicucore.A.dylib
0x0000000004978000 	/usr/lib/libxml2.2.dylib
0x0000000004978000 	/System/Library/PrivateFrameworks/CoreUI.framework/Versions/A/CoreUI
0x0000000004978000 	/System/Library/Frameworks/CoreAudio.framework/Versions/A/CoreAudio
0x0000000004978000 	/System/Library/Frameworks/DiskArbitration.framework/Versions/A/DiskArbitration
0x0000000004978000 	/usr/lib/liblangid.dylib
0x0000000004978000 	/System/Library/PrivateFrameworks/MultitouchSupport.framework/Versions/A/MultitouchSupport
0x0000000004978000 	/System/Library/Frameworks/IOKit.framework/Versions/A/IOKit
0x0000000004978000 	/usr/lib/libDiagnosticMessagesClient.dylib
0x0000000004978000 	/System/Library/Frameworks/CoreServices.framework/Versions/A/CoreServices
0x0000000004978000 	/System/Library/PrivateFrameworks/PerformanceAnalysis.framework/Versions/A/PerformanceAnalysis
0x0000000004978000 	/System/Library/PrivateFrameworks/GenerationalStorage.framework/Versions/A/GenerationalStorage
0x0000000004978000 	/System/Library/Frameworks/OpenGL.framework/Versions/A/OpenGL
0x0000000004978000 	/System/Library/PrivateFrameworks/Sharing.framework/Versions/A/Sharing
0x0000000004978000 	/System/Library/Frameworks/CoreGraphics.framework/Versions/A/CoreGraphics
0x0000000004978000 	/System/Library/Frameworks/CoreText.framework/Versions/A/CoreText
0x0000000004978000 	/System/Library/Frameworks/ImageIO.framework/Versions/A/ImageIO
0x0000000004978000 	/usr/lib/libextension.dylib
0x0000000004978000 	/System/Library/PrivateFrameworks/Backup.framework/Versions/A/Backup
0x0000000004978000 	/usr/lib/libarchive.2.dylib
0x0000000004978000 	/System/Library/Frameworks/CFNetwork.framework/Versions/A/CFNetwork
0x0000000004978000 	/System/Library/Frameworks/SystemConfiguration.framework/Versions/A/SystemConfiguration
0x0000000004978000 	/usr/lib/libCRFSuite.dylib
0x0000000004978000 	/usr/lib/libc++.1.dylib
0x0000000004978000 	/usr/lib/libc++abi.dylib
0x0000000004978000 	/usr/lib/system/libcache.dylib
0x0000000004978000 	/usr/lib/system/libcommonCrypto.dylib
0x0000000004978000 	/usr/lib/system/libcompiler_rt.dylib
0x0000000004978000 	/usr/lib/system/libcopyfile.dylib
0x0000000004978000 	/usr/lib/system/libcorecrypto.dylib
0x0000000004978000 	/usr/lib/system/libdispatch.dylib
0x0000000004978000 	/usr/lib/system/libdyld.dylib
0x0000000004978000 	/usr/lib/system/libkeymgr.dylib
0x0000000004978000 	/usr/lib/system/liblaunch.dylib
0x0000000004978000 	/usr/lib/system/libmacho.dylib
0x0000000004978000 	/usr/lib/system/libquarantine.dylib
0x0000000004978000 	/usr/lib/system/libremovefile.dylib
0x0000000004978000 	/usr/lib/system/libsystem_asl.dylib
0x0000000004978000 	/usr/lib/system/libsystem_blocks.dylib
0x0000000004978000 	/usr/lib/system/libsystem_c.dylib
0x0000000004978000 	/usr/lib/system/libsystem_configuration.dylib
0x0000000004978000 	/usr/lib/system/libsystem_coreservices.dylib
0x0000000004978000 	/usr/lib/system/libsystem_coretls.dylib
0x0000000004978000 	/usr/lib/system/libsystem_dnssd.dylib
0x0000000004978000 	/usr/lib/system/libsystem_info.dylib
0x0000000004978000 	/usr/lib/system/libsystem_kernel.dylib
0x0000000004978000 	/usr/lib/system/libsystem_m.dylib
0x0000000004978000 	/usr/lib/system/libsystem_malloc.dylib
0x0000000004978000 	/usr/lib/system/libsystem_network.dylib
0x0000000004978000 	/usr/lib/system/libsystem_networkextension.dylib
0x0000000004978000 	/usr/lib/system/libsystem_notify.dylib
0x0000000004978000 	/usr/lib/system/libsystem_platform.dylib
0x0000000004978000 	/usr/lib/system/libsystem_pthread.dylib
0x0000000004978000 	/usr/lib/system/libsystem_sandbox.dylib
0x0000000004978000 	/usr/lib/system/libsystem_secinit.dylib
0x0000000004978000 	/usr/lib/system/libsystem_stats.dylib
0x0000000004978000 	/usr/lib/system/libsystem_trace.dylib
0x0000000004978000 	/usr/lib/system/libunc.dylib
0x0000000004978000 	/usr/lib/system/libunwind.dylib
0x0000000004978000 	/usr/lib/system/libxpc.dylib
0x0000000004978000 	/usr/lib/libbz2.1.0.dylib
0x0000000004978000 	/usr/lib/liblzma.5.dylib
0x0000000004978000 	/usr/lib/libbsm.0.dylib
0x0000000004978000 	/usr/lib/libsqlite3.dylib
0x0000000004978000 	/usr/lib/system/libkxld.dylib
0x0000000004978000 	/usr/lib/libxar.1.dylib
0x0000000004978000 	/usr/lib/libpam.2.dylib
0x0000000004978000 	/usr/lib/libOpenScriptingUtil.dylib
0x0000000004978000 	/System/Library/Frameworks/CoreServices.framework/Versions/A/Frameworks/FSEvents.framework/Versions/A/FSEvents
0x0000000004978000 	/System/Library/Frameworks/CoreServices.framework/Versions/A/Frameworks/CarbonCore.framework/Versions/A/CarbonCore
0x0000000004978000 	/System/Library/Frameworks/CoreServices.framework/Versions/A/Frameworks/Metadata.framework/Versions/A/Metadata
0x0000000004978000 	/System/Library/Frameworks/CoreServices.framework/Versions/A/Frameworks/OSServices.framework/Versions/A/OSServices
0x0000000004978000 	/System/Library/Frameworks/CoreServices.framework/Versions/A/Frameworks/SearchKit.framework/Versions/A/SearchKit
0x0000000004978000 	/System/Library/Frameworks/CoreServices.framework/Versions/A/Frameworks/AE.framework/Versions/A/AE
0x0000000004978000 	/System/Library/Frameworks/CoreServices.framework/Versions/A/Frameworks/LaunchServices.framework/Versions/A/LaunchServices
0x0000000004978000 	/System/Library/Frameworks/CoreServices.framework/Versions/A/Frameworks/DictionaryServices.framework/Versions/A/DictionaryServices
0x0000000004978000 	/System/Library/Frameworks/NetFS.framework/Versions/A/NetFS
0x0000000004978000 	/System/Library/PrivateFrameworks/NetAuth.framework/Versions/A/NetAuth
0x0000000004978000 	/System/Library/PrivateFrameworks/login.framework/Versions/A/Frameworks/loginsupport.framework/Versions/A/loginsupport
0x0000000004978000 	/System/Library/PrivateFrameworks/TCC.framework/Versions/A/TCC
0x0000000004978000 	/usr/lib/libmecabra.dylib
0x0000000004978000 	/System/Library/Frameworks/ApplicationServices.framework/Versions/A/Frameworks/ATS.framework/Versions/A/ATS
0x0000000004978000 	/System/Library/Frameworks/ApplicationServices.framework/Versions/A/Frameworks/ColorSync.framework/Versions/A/ColorSync
0x0000000004978000 	/System/Library/Frameworks/ApplicationServices.framework/Versions/A/Frameworks/HIServices.framework/Versions/A/HIServices
0x0000000004978000 	/System/Library/Frameworks/ApplicationServices.framework/Versions/A/Frameworks/LangAnalysis.framework/Versions/A/LangAnalysis
0x0000000004978000 	/System/Library/Frameworks/ApplicationServices.framework/Versions/A/Frameworks/PrintCore.framework/Versions/A/PrintCore
0x0000000004978000 	/System/Library/Frameworks/ApplicationServices.framework/Versions/A/Frameworks/QD.framework/Versions/A/QD
0x0000000004978000 	/System/Library/Frameworks/ApplicationServices.framework/Versions/A/Frameworks/SpeechSynthesis.framework/Versions/A/SpeechSynthesis
0x0000000004978000 	/System/Library/Frameworks/Accelerate.framework/Versions/A/Accelerate
0x0000000004978000 	/System/Library/Frameworks/Accelerate.framework/Versions/A/Frameworks/vImage.framework/Versions/A/vImage
0x0000000004978000 	/System/Library/Frameworks/Accelerate.framework/Versions/A/Frameworks/vecLib.framework/Versions/A/vecLib
0x0000000004978000 	/System/Library/Frameworks/Accelerate.framework/Versions/A/Frameworks/vecLib.framework/Versions/A/libvDSP.dylib
0x0000000004978000 	/System/Library/Frameworks/Accelerate.framework/Versions/A/Frameworks/vecLib.framework/Versions/A/libvMisc.dylib
0x0000000004978000 	/System/Library/Frameworks/Accelerate.framework/Versions/A/Frameworks/vecLib.framework/Versions/A/libLAPACK.dylib
0x0000000004978000 	/System/Library/Frameworks/Accelerate.framework/Versions/A/Frameworks/vecLib.framework/Versions/A/libBLAS.dylib
0x0000000004978000 	/System/Library/Frameworks/Accelerate.framework/Versions/A/Frameworks/vecLib.framework/Versions/A/libLinearAlgebra.dylib
0x0000000004978000 	/System/Library/Frameworks/ApplicationServices.framework/Versions/A/Frameworks/ATS.framework/Versions/A/Resources/libFontParser.dylib
0x0000000004978000 	/System/Library/Frameworks/ApplicationServices.framework/Versions/A/Frameworks/ATS.framework/Versions/A/Resources/libFontRegistry.dylib
0x0000000004978000 	/System/Library/PrivateFrameworks/AppleVPA.framework/Versions/A/AppleVPA
0x0000000004978000 	/System/Library/PrivateFrameworks/AppleJPEG.framework/Versions/A/AppleJPEG
0x0000000004978000 	/System/Library/Frameworks/ImageIO.framework/Versions/A/Resources/libJPEG.dylib
0x0000000004978000 	/System/Library/Frameworks/ImageIO.framework/Versions/A/Resources/libTIFF.dylib
0x0000000004978000 	/System/Library/Frameworks/ImageIO.framework/Versions/A/Resources/libPng.dylib
0x0000000004978000 	/System/Library/Frameworks/ImageIO.framework/Versions/A/Resources/libGIF.dylib
0x0000000004978000 	/System/Library/Frameworks/ImageIO.framework/Versions/A/Resources/libJP2.dylib
0x0000000004978000 	/System/Library/Frameworks/ImageIO.framework/Versions/A/Resources/libRadiance.dylib
0x0000000004978000 	/System/Library/Frameworks/CoreVideo.framework/Versions/A/CoreVideo
0x0000000004978000 	/System/Library/Frameworks/OpenGL.framework/Versions/A/Libraries/libGLU.dylib
0x0000000004978000 	/System/Library/Frameworks/OpenGL.framework/Versions/A/Libraries/libGFXShared.dylib
0x0000000004978000 	/System/Library/Frameworks/OpenGL.framework/Versions/A/Libraries/libGL.dylib
0x0000000004978000 	/System/Library/Frameworks/OpenGL.framework/Versions/A/Libraries/libGLImage.dylib
0x0000000004978000 	/System/Library/Frameworks/OpenGL.framework/Versions/A/Libraries/libCVMSPluginSupport.dylib
0x0000000004978000 	/System/Library/Frameworks/OpenGL.framework/Versions/A/Libraries/libCoreVMClient.dylib
0x0000000004978000 	/usr/lib/libcups.2.dylib
0x0000000004978000 	/System/Library/Frameworks/Kerberos.framework/Versions/A/Kerberos
0x0000000004978000 	/System/Library/Frameworks/GSS.framework/Versions/A/GSS
0x0000000004978000 	/usr/lib/libresolv.9.dylib
0x0000000004978000 	/usr/lib/libiconv.2.dylib
0x0000000004978000 	/System/Library/PrivateFrameworks/Heimdal.framework/Versions/A/Heimdal
0x0000000004978000 	/usr/lib/libheimdal-asn1.dylib
0x0000000004978000 	/System/Library/Frameworks/OpenDirectory.framework/Versions/A/OpenDirectory
0x0000000004978000 	/System/Library/PrivateFrameworks/CommonAuth.framework/Versions/A/CommonAuth
0x0000000004978000 	/System/Library/Frameworks/OpenDirectory.framework/Versions/A/Frameworks/CFOpenDirectory.framework/Versions/A/CFOpenDirectory
0x0000000004978000 	/System/Library/Frameworks/SecurityFoundation.framework/Versions/A/SecurityFoundation
0x0000000004978000 	/System/Library/PrivateFrameworks/LanguageModeling.framework/Versions/A/LanguageModeling
0x0000000004978000 	/usr/lib/libcmph.dylib
0x0000000004978000 	/System/Library/Frameworks/ServiceManagement.framework/Versions/A/ServiceManagement
0x0000000004978000 	/usr/lib/libxslt.1.dylib
0x0000000004978000 	/System/Library/Frameworks/Carbon.framework/Versions/A/Frameworks/Ink.framework/Versions/A/Ink
0x0000000004978000 	/System/Library/Frameworks/QuartzCore.framework/Versions/A/Frameworks/CoreImage.framework/Versions/A/CoreImage
0x0000000004978000 	/System/Library/PrivateFrameworks/CrashReporterSupport.framework/Versions/A/CrashReporterSupport
0x0000000004978000 	/System/Library/Frameworks/OpenCL.framework/Versions/A/OpenCL
0x0000000004978000 	/System/Library/PrivateFrameworks/FaceCore.framework/Versions/A/FaceCore
0x0000000004978000 	/System/Library/PrivateFrameworks/Ubiquity.framework/Versions/A/Ubiquity
0x0000000004978000 	/System/Library/PrivateFrameworks/IconServices.framework/Versions/A/IconServices
0x0000000004978000 	/System/Library/PrivateFrameworks/ChunkingLibrary.framework/Versions/A/ChunkingLibrary
0x0000000004978000 	/System/Library/PrivateFrameworks/Apple80211.framework/Versions/A/Apple80211
0x0000000004978000 	/System/Library/Frameworks/CoreWLAN.framework/Versions/A/CoreWLAN
0x0000000004978000 	/System/Library/Frameworks/IOBluetooth.framework/Versions/A/IOBluetooth
0x0000000004978000 	/System/Library/PrivateFrameworks/CoreWiFi.framework/Versions/A/CoreWiFi
0x0000000004978000 	/System/Library/Frameworks/CoreBluetooth.framework/Versions/A/CoreBluetooth
0x0000000004978000 	/System/Library/PrivateFrameworks/DebugSymbols.framework/Versions/A/DebugSymbols
0x0000000004978000 	/System/Library/PrivateFrameworks/CoreSymbolication.framework/Versions/A/CoreSymbolication
0x0000000004978000 	/System/Library/PrivateFrameworks/Symbolication.framework/Versions/A/Symbolication
0x0000000004978000 	/System/Library/PrivateFrameworks/SpeechRecognitionCore.framework/Versions/A/SpeechRecognitionCore
0x0000000108000000 	/Library/Java/JavaVirtualMachines/jdk1.8.0_25.jdk/Contents/Home/jre/lib/server/libjvm.dylib
0x0000000004978000 	/usr/lib/libstdc++.6.dylib
0x0000000106f2a000 	/Library/Java/JavaVirtualMachines/jdk1.8.0_25.jdk/Contents/Home/jre/lib/libverify.dylib
0x0000000106f38000 	/Library/Java/JavaVirtualMachines/jdk1.8.0_25.jdk/Contents/Home/jre/lib/libjava.dylib
0x0000000106f76000 	/Library/Java/JavaVirtualMachines/jdk1.8.0_25.jdk/Contents/Home/jre/lib/libzip.dylib
0x0000000124a77000 	/System/Library/Frameworks/JavaVM.framework/Frameworks/JavaRuntimeSupport.framework/JavaRuntimeSupport
0x0000000124a8f000 	/System/Library/Frameworks/JavaVM.framework/Versions/A/Frameworks/JavaNativeFoundation.framework/Versions/A/JavaNativeFoundation
0x0000000124aa4000 	/System/Library/Frameworks/JavaVM.framework/Versions/A/JavaVM
0x0000000004978000 	/System/Library/Frameworks/Carbon.framework/Versions/A/Carbon
0x0000000124ab1000 	/System/Library/PrivateFrameworks/JavaLaunching.framework/Versions/A/JavaLaunching
0x0000000004978000 	/System/Library/Frameworks/Carbon.framework/Versions/A/Frameworks/CommonPanels.framework/Versions/A/CommonPanels
0x0000000004978000 	/System/Library/Frameworks/Carbon.framework/Versions/A/Frameworks/Help.framework/Versions/A/Help
0x0000000004978000 	/System/Library/Frameworks/Carbon.framework/Versions/A/Frameworks/ImageCapture.framework/Versions/A/ImageCapture
0x0000000004978000 	/System/Library/Frameworks/Carbon.framework/Versions/A/Frameworks/OpenScripting.framework/Versions/A/OpenScripting
0x0000000004978000 	/System/Library/Frameworks/Carbon.framework/Versions/A/Frameworks/Print.framework/Versions/A/Print
0x0000000004978000 	/System/Library/Frameworks/Carbon.framework/Versions/A/Frameworks/SecurityHI.framework/Versions/A/SecurityHI
0x0000000126b3a000 	/Library/Java/JavaVirtualMachines/jdk1.8.0_25.jdk/Contents/Home/jre/lib/libj2pkcs11.dylib
0x0000000126bad000 	/usr/local/lib/softhsm/libsofthsm2.so
0x0000000126ccb000 	/opt/local/lib/libcrypto.1.0.0.dylib
0x0000000126ebc000 	/opt/local/lib/libsqlite3.0.dylib
0x0000000126f72000 	/opt/local/lib/libz.1.dylib
0x0000000126fc0000 	/opt/local/lib/engines/libgost.dylib

VM Arguments:
jvm_args: -Dfile.encoding=UTF-8 
java_command: com.goyoung.crypto.demo.pkcs11.SoftHSMv2.SoftHSMv2_PKCS11_Session_Demo
java_class_path (initial): /Users/goyoung/Documents/workspace-pki/SoftHSMv2_Demo/bin:/Users/goyoung/Documents/workspace-pki/SoftHSMv2_Demo/bcprov-jdk15on-147.jar
Launcher Type: SUN_STANDARD

Environment Variables:
PATH=/usr/bin:/bin:/usr/sbin:/sbin
SHELL=/bin/bash
DISPLAY=/private/tmp/com.apple.launchd.BxefVvl5qH/org.macosforge.xquartz:0

Signal Handlers:
SIGSEGV: [libjvm.dylib+0x579dc7], sa_mask[0]=11111111011111110111111111111111, sa_flags=SA_ONSTACK|SA_RESTART|SA_SIGINFO
SIGBUS: [libjvm.dylib+0x579dc7], sa_mask[0]=11111111011111110111111111111111, sa_flags=SA_RESTART|SA_SIGINFO
SIGFPE: [libjvm.dylib+0x45b030], sa_mask[0]=11111111011111110111111111111111, sa_flags=SA_RESTART|SA_SIGINFO
SIGPIPE: [libjvm.dylib+0x45b030], sa_mask[0]=11111111011111110111111111111111, sa_flags=SA_RESTART|SA_SIGINFO
SIGXFSZ: [libjvm.dylib+0x45b030], sa_mask[0]=11111111011111110111111111111111, sa_flags=SA_RESTART|SA_SIGINFO
SIGILL: [libjvm.dylib+0x45b030], sa_mask[0]=11111111011111110111111111111111, sa_flags=SA_RESTART|SA_SIGINFO
SIGUSR1: SIG_DFL, sa_mask[0]=00000000000000000000000000000000, sa_flags=none
SIGUSR2: [libjvm.dylib+0x45ab4e], sa_mask[0]=00100000000000000000000000000000, sa_flags=SA_RESTART|SA_SIGINFO
SIGHUP: [libjvm.dylib+0x459121], sa_mask[0]=11111111011111110111111111111111, sa_flags=SA_RESTART|SA_SIGINFO
SIGINT: [libjvm.dylib+0x459121], sa_mask[0]=11111111011111110111111111111111, sa_flags=SA_RESTART|SA_SIGINFO
SIGTERM: [libjvm.dylib+0x459121], sa_mask[0]=11111111011111110111111111111111, sa_flags=SA_RESTART|SA_SIGINFO
SIGQUIT: [libjvm.dylib+0x459121], sa_mask[0]=11111111011111110111111111111111, sa_flags=SA_RESTART|SA_SIGINFO


---------------  S Y S T E M  ---------------

OS:Bsduname:Darwin 14.3.0 Darwin Kernel Version 14.3.0: Mon Mar 23 11:59:05 PDT 2015; root:xnu-2782.20.48~5/RELEASE_X86_64 x86_64
rlimit: STACK 8192k, CORE 0k, NPROC 709, NOFILE 10240, AS infinity
load average:1.73 1.83 1.78

CPU:total 8 (4 cores per cpu, 2 threads per core) family 6 model 58 stepping 9, cmov, cx8, fxsr, mmx, sse, sse2, sse3, ssse3, sse4.1, sse4.2, popcnt, avx, aes, clmul, erms, ht, tsc, tscinvbit, tscinv

Memory: 4k page, physical 16777216k(1312916k free)

/proc/meminfo:


vm_info: Java HotSpot(TM) 64-Bit Server VM (25.25-b02) for bsd-amd64 JRE (1.8.0_25-b17), built on Sep 17 2014 16:56:50 by "java_re" with gcc 4.2.1 (Based on Apple Inc. build 5658) (LLVM build 2336.11.00)

time: Sun May 31 18:07:05 2015
elapsed time: 0 seconds (0d 0h 0m 0s)

